The target system is: Darwin -  - arm
The host system is: Darwin - 18.2.0 - x86_64
Compiling the C compiler identification source file "CMakeCCompilerId.c" succeeded.
Compiler:  
Build flags: 
Id flags:  

The output was:
0
note: Using new build system
note: Planning build
note: Constructing build description
Build system information
warning: Traditional headermap style is no longer supported; please migrate to using separate headermaps and set 'ALWAYS_SEARCH_USER_PATHS' to NO. (in target 'CompilerIdC')

CreateBuildDirectory /Users/vin/Downloads/libgit2-master/build/CMakeFiles/3.14.0/CompilerIdC (in target: CompilerIdC)
    cd /Users/vin/Downloads/libgit2-master/build/CMakeFiles/3.14.0/CompilerIdC
    builtin-create-build-directory /Users/vin/Downloads/libgit2-master/build/CMakeFiles/3.14.0/CompilerIdC

WriteAuxiliaryFile /Users/vin/Downloads/libgit2-master/build/CMakeFiles/3.14.0/CompilerIdC/CompilerIdC.build/Debug/CompilerIdC.build/CompilerIdC-project-headers.hmap (in target: CompilerIdC)
    cd /Users/vin/Downloads/libgit2-master/build/CMakeFiles/3.14.0/CompilerIdC
    write-file /Users/vin/Downloads/libgit2-master/build/CMakeFiles/3.14.0/CompilerIdC/CompilerIdC.build/Debug/CompilerIdC.build/CompilerIdC-project-headers.hmap

WriteAuxiliaryFile /Users/vin/Downloads/libgit2-master/build/CMakeFiles/3.14.0/CompilerIdC/CompilerIdC.build/Debug/CompilerIdC.build/CompilerIdC-own-target-headers.hmap (in target: CompilerIdC)
    cd /Users/vin/Downloads/libgit2-master/build/CMakeFiles/3.14.0/CompilerIdC
    write-file /Users/vin/Downloads/libgit2-master/build/CMakeFiles/3.14.0/CompilerIdC/CompilerIdC.build/Debug/CompilerIdC.build/CompilerIdC-own-target-headers.hmap

WriteAuxiliaryFile /Users/vin/Downloads/libgit2-master/build/CMakeFiles/3.14.0/CompilerIdC/CompilerIdC.build/Debug/CompilerIdC.build/CompilerIdC.hmap (in target: CompilerIdC)
    cd /Users/vin/Downloads/libgit2-master/build/CMakeFiles/3.14.0/CompilerIdC
    write-file /Users/vin/Downloads/libgit2-master/build/CMakeFiles/3.14.0/CompilerIdC/CompilerIdC.build/Debug/CompilerIdC.build/CompilerIdC.hmap

WriteAuxiliaryFile /Users/vin/Downloads/libgit2-master/build/CMakeFiles/3.14.0/CompilerIdC/CompilerIdC.build/Debug/CompilerIdC.build/all-product-headers.yaml (in target: CompilerIdC)
    cd /Users/vin/Downloads/libgit2-master/build/CMakeFiles/3.14.0/CompilerIdC
    write-file /Users/vin/Downloads/libgit2-master/build/CMakeFiles/3.14.0/CompilerIdC/CompilerIdC.build/Debug/CompilerIdC.build/all-product-headers.yaml

WriteAuxiliaryFile /Users/vin/Downloads/libgit2-master/build/CMakeFiles/3.14.0/CompilerIdC/CompilerIdC.build/Debug/CompilerIdC.build/CompilerIdC-generated-files.hmap (in target: CompilerIdC)
    cd /Users/vin/Downloads/libgit2-master/build/CMakeFiles/3.14.0/CompilerIdC
    write-file /Users/vin/Downloads/libgit2-master/build/CMakeFiles/3.14.0/CompilerIdC/CompilerIdC.build/Debug/CompilerIdC.build/CompilerIdC-generated-files.hmap

WriteAuxiliaryFile /Users/vin/Downloads/libgit2-master/build/CMakeFiles/3.14.0/CompilerIdC/CompilerIdC.build/Debug/CompilerIdC.build/CompilerIdC-all-non-framework-target-headers.hmap (in target: CompilerIdC)
    cd /Users/vin/Downloads/libgit2-master/build/CMakeFiles/3.14.0/CompilerIdC
    write-file /Users/vin/Downloads/libgit2-master/build/CMakeFiles/3.14.0/CompilerIdC/CompilerIdC.build/Debug/CompilerIdC.build/CompilerIdC-all-non-framework-target-headers.hmap

WriteAuxiliaryFile /Users/vin/Downloads/libgit2-master/build/CMakeFiles/3.14.0/CompilerIdC/CompilerIdC.build/Debug/CompilerIdC.build/CompilerIdC-all-target-headers.hmap (in target: CompilerIdC)
    cd /Users/vin/Downloads/libgit2-master/build/CMakeFiles/3.14.0/CompilerIdC
    write-file /Users/vin/Downloads/libgit2-master/build/CMakeFiles/3.14.0/CompilerIdC/CompilerIdC.build/Debug/CompilerIdC.build/CompilerIdC-all-target-headers.hmap

CompileC /Users/vin/Downloads/libgit2-master/build/CMakeFiles/3.14.0/CompilerIdC/CompilerIdC.build/Debug/CompilerIdC.build/Objects-normal/x86_64/CMakeCCompilerId.o /Users/vin/Downloads/libgit2-master/build/CMakeFiles/3.14.0/CompilerIdC/CMakeCCompilerId.c normal x86_64 c com.apple.compilers.llvm.clang.1_0.compiler (in target: CompilerIdC)
    cd /Users/vin/Downloads/libgit2-master/build/CMakeFiles/3.14.0/CompilerIdC
    export LANG=en_US.US-ASCII
    /Applications/Xcode.app/Contents/Developer/Toolchains/XcodeDefault.xctoolchain/usr/bin/clang -x c -arch x86_64 -fmessage-length=0 -fdiagnostics-show-note-include-stack -fmacro-backtrace-limit=0 -Wno-trigraphs -fpascal-strings -Os -Wno-missing-field-initializers -Wno-missing-prototypes -Wno-return-type -Wno-missing-braces -Wparentheses -Wswitch -Wno-unused-function -Wno-unused-label -Wno-unused-parameter -Wno-unused-variable -Wunused-value -Wno-empty-body -Wno-uninitialized -Wno-unknown-pragmas -Wno-shadow -Wno-four-char-constants -Wno-conversion -Wno-constant-conversion -Wno-int-conversion -Wno-bool-conversion -Wno-enum-conversion -Wno-float-conversion -Wno-non-literal-null-conversion -Wno-objc-literal-conversion -Wno-shorten-64-to-32 -Wpointer-sign -Wno-newline-eof -isysroot /Applications/Xcode.app/Contents/Developer/Platforms/MacOSX.platform/Developer/SDKs/MacOSX10.14.sdk -fasm-blocks -fstrict-aliasing -Wdeprecated-declarations -mmacosx-version-min=10.14 -g -fvisibility=hidden -Wno-sign-conversion -Wno-infinite-recursion -Wno-comma -Wno-block-capture-autoreleasing -Wno-strict-prototypes -Wno-semicolon-before-method-body -iquote /Users/vin/Downloads/libgit2-master/build/CMakeFiles/3.14.0/CompilerIdC/CompilerIdC.build/Debug/CompilerIdC.build/CompilerIdC-generated-files.hmap -I/Users/vin/Downloads/libgit2-master/build/CMakeFiles/3.14.0/CompilerIdC/CompilerIdC.build/Debug/CompilerIdC.build/CompilerIdC-own-target-headers.hmap -I/Users/vin/Downloads/libgit2-master/build/CMakeFiles/3.14.0/CompilerIdC/CompilerIdC.build/Debug/CompilerIdC.build/CompilerIdC-all-target-headers.hmap -iquote /Users/vin/Downloads/libgit2-master/build/CMakeFiles/3.14.0/CompilerIdC/CompilerIdC.build/Debug/CompilerIdC.build/CompilerIdC-project-headers.hmap -I/Users/vin/Downloads/libgit2-master/build/CMakeFiles/3.14.0/CompilerIdC/include -I/Users/vin/Downloads/libgit2-master/build/CMakeFiles/3.14.0/CompilerIdC/CompilerIdC.build/Debug/CompilerIdC.build/DerivedSources/x86_64 -I/Users/vin/Downloads/libgit2-master/build/CMakeFiles/3.14.0/CompilerIdC/CompilerIdC.build/Debug/CompilerIdC.build/DerivedSources -F/Users/vin/Downloads/libgit2-master/build/CMakeFiles/3.14.0/CompilerIdC -MMD -MT dependencies -MF /Users/vin/Downloads/libgit2-master/build/CMakeFiles/3.14.0/CompilerIdC/CompilerIdC.build/Debug/CompilerIdC.build/Objects-normal/x86_64/CMakeCCompilerId.d --serialize-diagnostics /Users/vin/Downloads/libgit2-master/build/CMakeFiles/3.14.0/CompilerIdC/CompilerIdC.build/Debug/CompilerIdC.build/Objects-normal/x86_64/CMakeCCompilerId.dia -c /Users/vin/Downloads/libgit2-master/build/CMakeFiles/3.14.0/CompilerIdC/CMakeCCompilerId.c -o /Users/vin/Downloads/libgit2-master/build/CMakeFiles/3.14.0/CompilerIdC/CompilerIdC.build/Debug/CompilerIdC.build/Objects-normal/x86_64/CMakeCCompilerId.o

WriteAuxiliaryFile /Users/vin/Downloads/libgit2-master/build/CMakeFiles/3.14.0/CompilerIdC/CompilerIdC.build/Debug/CompilerIdC.build/Objects-normal/x86_64/CompilerIdC.LinkFileList (in target: CompilerIdC)
    cd /Users/vin/Downloads/libgit2-master/build/CMakeFiles/3.14.0/CompilerIdC
    write-file /Users/vin/Downloads/libgit2-master/build/CMakeFiles/3.14.0/CompilerIdC/CompilerIdC.build/Debug/CompilerIdC.build/Objects-normal/x86_64/CompilerIdC.LinkFileList

Ld /Users/vin/Downloads/libgit2-master/build/CMakeFiles/3.14.0/CompilerIdC/CompilerIdC normal x86_64 (in target: CompilerIdC)
    cd /Users/vin/Downloads/libgit2-master/build/CMakeFiles/3.14.0/CompilerIdC
    export MACOSX_DEPLOYMENT_TARGET=10.14
    /Applications/Xcode.app/Contents/Developer/Toolchains/XcodeDefault.xctoolchain/usr/bin/clang -arch x86_64 -isysroot /Applications/Xcode.app/Contents/Developer/Platforms/MacOSX.platform/Developer/SDKs/MacOSX10.14.sdk -L/Users/vin/Downloads/libgit2-master/build/CMakeFiles/3.14.0/CompilerIdC -F/Users/vin/Downloads/libgit2-master/build/CMakeFiles/3.14.0/CompilerIdC -filelist /Users/vin/Downloads/libgit2-master/build/CMakeFiles/3.14.0/CompilerIdC/CompilerIdC.build/Debug/CompilerIdC.build/Objects-normal/x86_64/CompilerIdC.LinkFileList -mmacosx-version-min=10.14 -Xlinker -object_path_lto -Xlinker /Users/vin/Downloads/libgit2-master/build/CMakeFiles/3.14.0/CompilerIdC/CompilerIdC.build/Debug/CompilerIdC.build/Objects-normal/x86_64/CompilerIdC_lto.o -Xlinker -dependency_info -Xlinker /Users/vin/Downloads/libgit2-master/build/CMakeFiles/3.14.0/CompilerIdC/CompilerIdC.build/Debug/CompilerIdC.build/Objects-normal/x86_64/CompilerIdC_dependency_info.dat -o /Users/vin/Downloads/libgit2-master/build/CMakeFiles/3.14.0/CompilerIdC/CompilerIdC

WriteAuxiliaryFile /Users/vin/Downloads/libgit2-master/build/CMakeFiles/3.14.0/CompilerIdC/CompilerIdC.build/Debug/CompilerIdC.build/Script-2C8FEB8E15DC1A1A00E56A5D.sh (in target: CompilerIdC)
    cd /Users/vin/Downloads/libgit2-master/build/CMakeFiles/3.14.0/CompilerIdC
    write-file /Users/vin/Downloads/libgit2-master/build/CMakeFiles/3.14.0/CompilerIdC/CompilerIdC.build/Debug/CompilerIdC.build/Script-2C8FEB8E15DC1A1A00E56A5D.sh

PhaseScriptExecution Run\ Script /Users/vin/Downloads/libgit2-master/build/CMakeFiles/3.14.0/CompilerIdC/CompilerIdC.build/Debug/CompilerIdC.build/Script-2C8FEB8E15DC1A1A00E56A5D.sh (in target: CompilerIdC)
    cd /Users/vin/Downloads/libgit2-master/build/CMakeFiles/3.14.0/CompilerIdC
    /bin/sh -c /Users/vin/Downloads/libgit2-master/build/CMakeFiles/3.14.0/CompilerIdC/CompilerIdC.build/Debug/CompilerIdC.build/Script-2C8FEB8E15DC1A1A00E56A5D.sh
GCC_VERSION=com.apple.compilers.llvm.clang.1_0
ARCHS=x86_64

** BUILD SUCCEEDED ** [0.344 sec]



Compilation of the C compiler identification source "CMakeCCompilerId.c" produced "CompilerIdC"

The C compiler identification is AppleClang, found in "/Users/vin/Downloads/libgit2-master/build/CMakeFiles/3.14.0/CompilerIdC/CompilerIdC"

Determining if the C compiler works passed with the following output:
Change Dir: /Users/vin/Downloads/libgit2-master/build/CMakeFiles/CMakeTmp

Run Build Command(s):/usr/bin/xcodebuild -project CMAKE_TRY_COMPILE.xcodeproj build -target cmTC_505a1 -configuration Debug -hideShellScriptEnvironment 
User defaults from command line:
    HideShellScriptEnvironment = YES

Prepare build
note: Using legacy build system

=== BUILD TARGET cmTC_505a1 OF PROJECT CMAKE_TRY_COMPILE WITH CONFIGURATION Debug ===

Check dependencies

Write auxiliary files
/bin/mkdir -p /Users/vin/Downloads/libgit2-master/build/CMakeFiles/CMakeTmp/CMAKE_TRY_COMPILE.build/Debug/cmTC_505a1.build/Objects-normal/x86_64
write-file /Users/vin/Downloads/libgit2-master/build/CMakeFiles/CMakeTmp/CMAKE_TRY_COMPILE.build/Debug/cmTC_505a1.build/Objects-normal/x86_64/cmTC_505a1.LinkFileList

CompileC CMAKE_TRY_COMPILE.build/Debug/cmTC_505a1.build/Objects-normal/x86_64/testCCompiler.o testCCompiler.c normal x86_64 c com.apple.compilers.llvm.clang.1_0.compiler
    cd /Users/vin/Downloads/libgit2-master/build/CMakeFiles/CMakeTmp
    /Applications/Xcode.app/Contents/Developer/Toolchains/XcodeDefault.xctoolchain/usr/bin/clang -x c -arch x86_64 -fmessage-length=0 -fdiagnostics-show-note-include-stack -fmacro-backtrace-limit=0 -Wno-trigraphs -fpascal-strings -O0 -Wno-missing-field-initializers -Wno-missing-prototypes -Wno-return-type -Wno-missing-braces -Wparentheses -Wswitch -Wno-unused-function -Wno-unused-label -Wno-unused-parameter -Wno-unused-variable -Wunused-value -Wno-empty-body -Wno-uninitialized -Wno-unknown-pragmas -Wno-shadow -Wno-four-char-constants -Wno-conversion -Wno-constant-conversion -Wno-int-conversion -Wno-bool-conversion -Wno-enum-conversion -Wno-float-conversion -Wno-non-literal-null-conversion -Wno-objc-literal-conversion -Wno-shorten-64-to-32 -Wpointer-sign -Wno-newline-eof -DCMAKE_INTDIR=\"Debug\" -isysroot /Applications/Xcode.app/Contents/Developer/Platforms/MacOSX.platform/Developer/SDKs/MacOSX10.14.sdk -fasm-blocks -fstrict-aliasing -Wdeprecated-declarations -mmacosx-version-min=10.14 -g -Wno-sign-conversion -Wno-infinite-recursion -Wno-comma -Wno-block-capture-autoreleasing -Wno-strict-prototypes -Wno-semicolon-before-method-body -I/Users/vin/Downloads/libgit2-master/build/CMakeFiles/CMakeTmp/Debug/include -I/Users/vin/Downloads/libgit2-master/build/CMakeFiles/CMakeTmp/CMAKE_TRY_COMPILE.build/Debug/cmTC_505a1.build/DerivedSources/x86_64 -I/Users/vin/Downloads/libgit2-master/build/CMakeFiles/CMakeTmp/CMAKE_TRY_COMPILE.build/Debug/cmTC_505a1.build/DerivedSources -Wmost -Wno-four-char-constants -Wno-unknown-pragmas -F/Users/vin/Downloads/libgit2-master/build/CMakeFiles/CMakeTmp/Debug -MMD -MT dependencies -MF /Users/vin/Downloads/libgit2-master/build/CMakeFiles/CMakeTmp/CMAKE_TRY_COMPILE.build/Debug/cmTC_505a1.build/Objects-normal/x86_64/testCCompiler.d --serialize-diagnostics /Users/vin/Downloads/libgit2-master/build/CMakeFiles/CMakeTmp/CMAKE_TRY_COMPILE.build/Debug/cmTC_505a1.build/Objects-normal/x86_64/testCCompiler.dia -c /Users/vin/Downloads/libgit2-master/build/CMakeFiles/CMakeTmp/testCCompiler.c -o /Users/vin/Downloads/libgit2-master/build/CMakeFiles/CMakeTmp/CMAKE_TRY_COMPILE.build/Debug/cmTC_505a1.build/Objects-normal/x86_64/testCCompiler.o

Ld Debug/cmTC_505a1 normal x86_64
    cd /Users/vin/Downloads/libgit2-master/build/CMakeFiles/CMakeTmp
    /Applications/Xcode.app/Contents/Developer/Toolchains/XcodeDefault.xctoolchain/usr/bin/clang -arch x86_64 -isysroot /Applications/Xcode.app/Contents/Developer/Platforms/MacOSX.platform/Developer/SDKs/MacOSX10.14.sdk -L/Users/vin/Downloads/libgit2-master/build/CMakeFiles/CMakeTmp/Debug -F/Users/vin/Downloads/libgit2-master/build/CMakeFiles/CMakeTmp/Debug -filelist /Users/vin/Downloads/libgit2-master/build/CMakeFiles/CMakeTmp/CMAKE_TRY_COMPILE.build/Debug/cmTC_505a1.build/Objects-normal/x86_64/cmTC_505a1.LinkFileList -mmacosx-version-min=10.14 -Xlinker -object_path_lto -Xlinker /Users/vin/Downloads/libgit2-master/build/CMakeFiles/CMakeTmp/CMAKE_TRY_COMPILE.build/Debug/cmTC_505a1.build/Objects-normal/x86_64/cmTC_505a1_lto.o -Xlinker -no_deduplicate -Wl,-headerpad_max_install_names -Xlinker -dependency_info -Xlinker /Users/vin/Downloads/libgit2-master/build/CMakeFiles/CMakeTmp/CMAKE_TRY_COMPILE.build/Debug/cmTC_505a1.build/Objects-normal/x86_64/cmTC_505a1_dependency_info.dat -o /Users/vin/Downloads/libgit2-master/build/CMakeFiles/CMakeTmp/Debug/cmTC_505a1

** BUILD SUCCEEDED ** [0.135 sec]



Detecting C compiler ABI info compiled with the following output:
Change Dir: /Users/vin/Downloads/libgit2-master/build/CMakeFiles/CMakeTmp

Run Build Command(s):/usr/bin/xcodebuild -project CMAKE_TRY_COMPILE.xcodeproj build -target cmTC_ff5c1 -configuration Debug -hideShellScriptEnvironment 
User defaults from command line:
    HideShellScriptEnvironment = YES

Prepare build
note: Using legacy build system

=== BUILD TARGET cmTC_ff5c1 OF PROJECT CMAKE_TRY_COMPILE WITH CONFIGURATION Debug ===

Check dependencies

Write auxiliary files
/bin/mkdir -p /Users/vin/Downloads/libgit2-master/build/CMakeFiles/CMakeTmp/CMAKE_TRY_COMPILE.build/Debug/cmTC_ff5c1.build/Objects-normal/x86_64
write-file /Users/vin/Downloads/libgit2-master/build/CMakeFiles/CMakeTmp/CMAKE_TRY_COMPILE.build/Debug/cmTC_ff5c1.build/Objects-normal/x86_64/cmTC_ff5c1.LinkFileList

CompileC CMAKE_TRY_COMPILE.build/Debug/cmTC_ff5c1.build/Objects-normal/x86_64/CMakeCCompilerABI.o /Applications/CMake.app/Contents/share/cmake-3.14/Modules/CMakeCCompilerABI.c normal x86_64 c com.apple.compilers.llvm.clang.1_0.compiler
    cd /Users/vin/Downloads/libgit2-master/build/CMakeFiles/CMakeTmp
    /Applications/Xcode.app/Contents/Developer/Toolchains/XcodeDefault.xctoolchain/usr/bin/clang -x c -arch x86_64 -fmessage-length=0 -fdiagnostics-show-note-include-stack -fmacro-backtrace-limit=0 -Wno-trigraphs -fpascal-strings -O0 -Wno-missing-field-initializers -Wno-missing-prototypes -Wno-return-type -Wno-missing-braces -Wparentheses -Wswitch -Wno-unused-function -Wno-unused-label -Wno-unused-parameter -Wno-unused-variable -Wunused-value -Wno-empty-body -Wno-uninitialized -Wno-unknown-pragmas -Wno-shadow -Wno-four-char-constants -Wno-conversion -Wno-constant-conversion -Wno-int-conversion -Wno-bool-conversion -Wno-enum-conversion -Wno-float-conversion -Wno-non-literal-null-conversion -Wno-objc-literal-conversion -Wno-shorten-64-to-32 -Wpointer-sign -Wno-newline-eof -DCMAKE_INTDIR=\"Debug\" -isysroot /Applications/Xcode.app/Contents/Developer/Platforms/MacOSX.platform/Developer/SDKs/MacOSX10.14.sdk -fasm-blocks -fstrict-aliasing -Wdeprecated-declarations -mmacosx-version-min=10.14 -g -Wno-sign-conversion -Wno-infinite-recursion -Wno-comma -Wno-block-capture-autoreleasing -Wno-strict-prototypes -Wno-semicolon-before-method-body -I/Users/vin/Downloads/libgit2-master/build/CMakeFiles/CMakeTmp/Debug/include -I/Users/vin/Downloads/libgit2-master/build/CMakeFiles/CMakeTmp/CMAKE_TRY_COMPILE.build/Debug/cmTC_ff5c1.build/DerivedSources/x86_64 -I/Users/vin/Downloads/libgit2-master/build/CMakeFiles/CMakeTmp/CMAKE_TRY_COMPILE.build/Debug/cmTC_ff5c1.build/DerivedSources -Wmost -Wno-four-char-constants -Wno-unknown-pragmas -F/Users/vin/Downloads/libgit2-master/build/CMakeFiles/CMakeTmp/Debug -v -Wl,-v -MMD -MT dependencies -MF /Users/vin/Downloads/libgit2-master/build/CMakeFiles/CMakeTmp/CMAKE_TRY_COMPILE.build/Debug/cmTC_ff5c1.build/Objects-normal/x86_64/CMakeCCompilerABI.d --serialize-diagnostics /Users/vin/Downloads/libgit2-master/build/CMakeFiles/CMakeTmp/CMAKE_TRY_COMPILE.build/Debug/cmTC_ff5c1.build/Objects-normal/x86_64/CMakeCCompilerABI.dia -c /Applications/CMake.app/Contents/share/cmake-3.14/Modules/CMakeCCompilerABI.c -o /Users/vin/Downloads/libgit2-master/build/CMakeFiles/CMakeTmp/CMAKE_TRY_COMPILE.build/Debug/cmTC_ff5c1.build/Objects-normal/x86_64/CMakeCCompilerABI.o
Apple LLVM version 10.0.0 (clang-1000.11.45.5)
Target: x86_64-apple-darwin18.2.0
Thread model: posix
InstalledDir: /Applications/Xcode.app/Contents/Developer/Toolchains/XcodeDefault.xctoolchain/usr/bin
clang: warning: -Wl,-v: 'linker' input unused [-Wunused-command-line-argument]
 "/Applications/Xcode.app/Contents/Developer/Toolchains/XcodeDefault.xctoolchain/usr/bin/clang" -cc1 -triple x86_64-apple-macosx10.14.0 -Wdeprecated-objc-isa-usage -Werror=deprecated-objc-isa-usage -emit-obj -mrelax-all -disable-free -disable-llvm-verifier -discard-value-names -main-file-name CMakeCCompilerABI.c -mrelocation-model pic -pic-level 2 -mthread-model posix -mdisable-fp-elim -fno-strict-return -masm-verbose -munwind-tables -target-cpu penryn -dwarf-column-info -debug-info-kind=standalone -dwarf-version=4 -debugger-tuning=lldb -target-linker-version 409.12 -v -coverage-notes-file /Users/vin/Downloads/libgit2-master/build/CMakeFiles/CMakeTmp/CMAKE_TRY_COMPILE.build/Debug/cmTC_ff5c1.build/Objects-normal/x86_64/CMakeCCompilerABI.gcno -resource-dir /Applications/Xcode.app/Contents/Developer/Toolchains/XcodeDefault.xctoolchain/usr/lib/clang/10.0.0 -dependency-file /Users/vin/Downloads/libgit2-master/build/CMakeFiles/CMakeTmp/CMAKE_TRY_COMPILE.build/Debug/cmTC_ff5c1.build/Objects-normal/x86_64/CMakeCCompilerABI.d -skip-unused-modulemap-deps -MT dependencies -isysroot /Applications/Xcode.app/Contents/Developer/Platforms/MacOSX.platform/Developer/SDKs/MacOSX10.14.sdk -D "CMAKE_INTDIR=\"Debug\"" -I /Users/vin/Downloads/libgit2-master/build/CMakeFiles/CMakeTmp/Debug/include -I /Users/vin/Downloads/libgit2-master/build/CMakeFiles/CMakeTmp/CMAKE_TRY_COMPILE.build/Debug/cmTC_ff5c1.build/DerivedSources/x86_64 -I /Users/vin/Downloads/libgit2-master/build/CMakeFiles/CMakeTmp/CMAKE_TRY_COMPILE.build/Debug/cmTC_ff5c1.build/DerivedSources -F/Users/vin/Downloads/libgit2-master/build/CMakeFiles/CMakeTmp/Debug -O0 -Wno-trigraphs -Wno-missing-field-initializers -Wno-missing-prototypes -Wno-return-type -Wno-missing-braces -Wparentheses -Wswitch -Wno-unused-function -Wno-unused-label -Wno-unused-parameter -Wno-unused-variable -Wunused-value -Wno-empty-body -Wno-uninitialized -Wno-unknown-pragmas -Wno-shadow -Wno-four-char-constants -Wno-conversion -Wno-constant-conversion -Wno-int-conversion -Wno-bool-conversion -Wno-enum-conversion -Wno-float-conversion -Wno-non-literal-null-conversion -Wno-objc-literal-conversion -Wno-shorten-64-to-32 -Wpointer-sign -Wno-newline-eof -Wdeprecated-declarations -Wno-sign-conversion -Wno-infinite-recursion -Wno-comma -Wno-block-capture-autoreleasing -Wno-strict-prototypes -Wno-semicolon-before-method-body -Wmost -Wno-four-char-constants -Wno-unknown-pragmas -fdebug-compilation-dir /Users/vin/Downloads/libgit2-master/build/CMakeFiles/CMakeTmp -ferror-limit 19 -fmacro-backtrace-limit 0 -fmessage-length 0 -stack-protector 1 -fblocks -fencode-extended-block-signature -fobjc-runtime=macosx-10.14.0 -fpascal-strings -fmax-type-align=16 -fdiagnostics-show-option -fdiagnostics-show-note-include-stack -fasm-blocks -serialize-diagnostic-file /Users/vin/Downloads/libgit2-master/build/CMakeFiles/CMakeTmp/CMAKE_TRY_COMPILE.build/Debug/cmTC_ff5c1.build/Objects-normal/x86_64/CMakeCCompilerABI.dia -o /Users/vin/Downloads/libgit2-master/build/CMakeFiles/CMakeTmp/CMAKE_TRY_COMPILE.build/Debug/cmTC_ff5c1.build/Objects-normal/x86_64/CMakeCCompilerABI.o -x c /Applications/CMake.app/Contents/share/cmake-3.14/Modules/CMakeCCompilerABI.c
clang -cc1 version 10.0.0 (clang-1000.11.45.5) default target x86_64-apple-darwin18.2.0
ignoring nonexistent directory "/Users/vin/Downloads/libgit2-master/build/CMakeFiles/CMakeTmp/Debug/include"
ignoring nonexistent directory "/Users/vin/Downloads/libgit2-master/build/CMakeFiles/CMakeTmp/CMAKE_TRY_COMPILE.build/Debug/cmTC_ff5c1.build/DerivedSources/x86_64"
ignoring nonexistent directory "/Users/vin/Downloads/libgit2-master/build/CMakeFiles/CMakeTmp/CMAKE_TRY_COMPILE.build/Debug/cmTC_ff5c1.build/DerivedSources"
ignoring nonexistent directory "/Users/vin/Downloads/libgit2-master/build/CMakeFiles/CMakeTmp/Debug"
ignoring nonexistent directory "/Applications/Xcode.app/Contents/Developer/Platforms/MacOSX.platform/Developer/SDKs/MacOSX10.14.sdk/usr/local/include"
ignoring nonexistent directory "/Applications/Xcode.app/Contents/Developer/Platforms/MacOSX.platform/Developer/SDKs/MacOSX10.14.sdk/Library/Frameworks"
#include "..." search starts here:
#include <...> search starts here:
 /Applications/Xcode.app/Contents/Developer/Toolchains/XcodeDefault.xctoolchain/usr/lib/clang/10.0.0/include
 /Applications/Xcode.app/Contents/Developer/Toolchains/XcodeDefault.xctoolchain/usr/include
 /Applications/Xcode.app/Contents/Developer/Platforms/MacOSX.platform/Developer/SDKs/MacOSX10.14.sdk/usr/include
 /Applications/Xcode.app/Contents/Developer/Platforms/MacOSX.platform/Developer/SDKs/MacOSX10.14.sdk/System/Library/Frameworks (framework directory)
End of search list.

Ld Debug/cmTC_ff5c1 normal x86_64
    cd /Users/vin/Downloads/libgit2-master/build/CMakeFiles/CMakeTmp
    /Applications/Xcode.app/Contents/Developer/Toolchains/XcodeDefault.xctoolchain/usr/bin/clang -arch x86_64 -isysroot /Applications/Xcode.app/Contents/Developer/Platforms/MacOSX.platform/Developer/SDKs/MacOSX10.14.sdk -L/Users/vin/Downloads/libgit2-master/build/CMakeFiles/CMakeTmp/Debug -F/Users/vin/Downloads/libgit2-master/build/CMakeFiles/CMakeTmp/Debug -filelist /Users/vin/Downloads/libgit2-master/build/CMakeFiles/CMakeTmp/CMAKE_TRY_COMPILE.build/Debug/cmTC_ff5c1.build/Objects-normal/x86_64/cmTC_ff5c1.LinkFileList -mmacosx-version-min=10.14 -Xlinker -object_path_lto -Xlinker /Users/vin/Downloads/libgit2-master/build/CMakeFiles/CMakeTmp/CMAKE_TRY_COMPILE.build/Debug/cmTC_ff5c1.build/Objects-normal/x86_64/cmTC_ff5c1_lto.o -Xlinker -no_deduplicate -v -Wl,-v -Wl,-headerpad_max_install_names -Xlinker -dependency_info -Xlinker /Users/vin/Downloads/libgit2-master/build/CMakeFiles/CMakeTmp/CMAKE_TRY_COMPILE.build/Debug/cmTC_ff5c1.build/Objects-normal/x86_64/cmTC_ff5c1_dependency_info.dat -o /Users/vin/Downloads/libgit2-master/build/CMakeFiles/CMakeTmp/Debug/cmTC_ff5c1
Apple LLVM version 10.0.0 (clang-1000.11.45.5)
Target: x86_64-apple-darwin18.2.0
Thread model: posix
InstalledDir: /Applications/Xcode.app/Contents/Developer/Toolchains/XcodeDefault.xctoolchain/usr/bin
 "/Applications/Xcode.app/Contents/Developer/Toolchains/XcodeDefault.xctoolchain/usr/bin/ld" -demangle -lto_library /Applications/Xcode.app/Contents/Developer/Toolchains/XcodeDefault.xctoolchain/usr/lib/libLTO.dylib -dynamic -arch x86_64 -macosx_version_min 10.14.0 -syslibroot /Applications/Xcode.app/Contents/Developer/Platforms/MacOSX.platform/Developer/SDKs/MacOSX10.14.sdk -o /Users/vin/Downloads/libgit2-master/build/CMakeFiles/CMakeTmp/Debug/cmTC_ff5c1 -L/Users/vin/Downloads/libgit2-master/build/CMakeFiles/CMakeTmp/Debug -filelist /Users/vin/Downloads/libgit2-master/build/CMakeFiles/CMakeTmp/CMAKE_TRY_COMPILE.build/Debug/cmTC_ff5c1.build/Objects-normal/x86_64/cmTC_ff5c1.LinkFileList -object_path_lto /Users/vin/Downloads/libgit2-master/build/CMakeFiles/CMakeTmp/CMAKE_TRY_COMPILE.build/Debug/cmTC_ff5c1.build/Objects-normal/x86_64/cmTC_ff5c1_lto.o -no_deduplicate -v -headerpad_max_install_names -dependency_info /Users/vin/Downloads/libgit2-master/build/CMakeFiles/CMakeTmp/CMAKE_TRY_COMPILE.build/Debug/cmTC_ff5c1.build/Objects-normal/x86_64/cmTC_ff5c1_dependency_info.dat -lSystem /Applications/Xcode.app/Contents/Developer/Toolchains/XcodeDefault.xctoolchain/usr/lib/clang/10.0.0/lib/darwin/libclang_rt.osx.a -F/Users/vin/Downloads/libgit2-master/build/CMakeFiles/CMakeTmp/Debug
@(#)PROGRAM:ld  PROJECT:ld64-409.12
BUILD 17:47:51 Sep 25 2018
configured to support archs: armv6 armv7 armv7s arm64 i386 x86_64 x86_64h armv6m armv7k armv7m armv7em arm64e arm64_32
Library search paths:
	/Users/vin/Downloads/libgit2-master/build/CMakeFiles/CMakeTmp/Debug
	/Applications/Xcode.app/Contents/Developer/Platforms/MacOSX.platform/Developer/SDKs/MacOSX10.14.sdk/usr/lib
Framework search paths:
	/Users/vin/Downloads/libgit2-master/build/CMakeFiles/CMakeTmp/Debug
	/Applications/Xcode.app/Contents/Developer/Platforms/MacOSX.platform/Developer/SDKs/MacOSX10.14.sdk/System/Library/Frameworks/

** BUILD SUCCEEDED ** [0.153 sec]



Parsed C implicit include dir info from above output: rv=done
  found start of include info
  found start of implicit include info
    add: [/Applications/Xcode.app/Contents/Developer/Toolchains/XcodeDefault.xctoolchain/usr/lib/clang/10.0.0/include]
    add: [/Applications/Xcode.app/Contents/Developer/Toolchains/XcodeDefault.xctoolchain/usr/include]
    add: [/Applications/Xcode.app/Contents/Developer/Platforms/MacOSX.platform/Developer/SDKs/MacOSX10.14.sdk/usr/include]
  end of search list found
  implicit include dirs: [/Applications/Xcode.app/Contents/Developer/Toolchains/XcodeDefault.xctoolchain/usr/lib/clang/10.0.0/include;/Applications/Xcode.app/Contents/Developer/Toolchains/XcodeDefault.xctoolchain/usr/include;/Applications/Xcode.app/Contents/Developer/Platforms/MacOSX.platform/Developer/SDKs/MacOSX10.14.sdk/usr/include]


Parsed C implicit link information from above output:
  link line regex: [^( *|.*[/\])(ld|CMAKE_LINK_STARTFILE-NOTFOUND|([^/\]+-)?ld|collect2)[^/\]*( |$)]
  ignore line: [Change Dir: /Users/vin/Downloads/libgit2-master/build/CMakeFiles/CMakeTmp]
  ignore line: []
  ignore line: [Run Build Command(s):/usr/bin/xcodebuild -project CMAKE_TRY_COMPILE.xcodeproj build -target cmTC_ff5c1 -configuration Debug -hideShellScriptEnvironment ]
  ignore line: [User defaults from command line:]
  ignore line: [    HideShellScriptEnvironment = YES]
  ignore line: []
  ignore line: [Prepare build]
  ignore line: [note: Using legacy build system]
  ignore line: []
  ignore line: [=== BUILD TARGET cmTC_ff5c1 OF PROJECT CMAKE_TRY_COMPILE WITH CONFIGURATION Debug ===]
  ignore line: []
  ignore line: [Check dependencies]
  ignore line: []
  ignore line: [Write auxiliary files]
  ignore line: [/bin/mkdir -p /Users/vin/Downloads/libgit2-master/build/CMakeFiles/CMakeTmp/CMAKE_TRY_COMPILE.build/Debug/cmTC_ff5c1.build/Objects-normal/x86_64]
  ignore line: [write-file /Users/vin/Downloads/libgit2-master/build/CMakeFiles/CMakeTmp/CMAKE_TRY_COMPILE.build/Debug/cmTC_ff5c1.build/Objects-normal/x86_64/cmTC_ff5c1.LinkFileList]
  ignore line: []
  ignore line: [CompileC CMAKE_TRY_COMPILE.build/Debug/cmTC_ff5c1.build/Objects-normal/x86_64/CMakeCCompilerABI.o /Applications/CMake.app/Contents/share/cmake-3.14/Modules/CMakeCCompilerABI.c normal x86_64 c com.apple.compilers.llvm.clang.1_0.compiler]
  ignore line: [    cd /Users/vin/Downloads/libgit2-master/build/CMakeFiles/CMakeTmp]
  ignore line: [    /Applications/Xcode.app/Contents/Developer/Toolchains/XcodeDefault.xctoolchain/usr/bin/clang -x c -arch x86_64 -fmessage-length=0 -fdiagnostics-show-note-include-stack -fmacro-backtrace-limit=0 -Wno-trigraphs -fpascal-strings -O0 -Wno-missing-field-initializers -Wno-missing-prototypes -Wno-return-type -Wno-missing-braces -Wparentheses -Wswitch -Wno-unused-function -Wno-unused-label -Wno-unused-parameter -Wno-unused-variable -Wunused-value -Wno-empty-body -Wno-uninitialized -Wno-unknown-pragmas -Wno-shadow -Wno-four-char-constants -Wno-conversion -Wno-constant-conversion -Wno-int-conversion -Wno-bool-conversion -Wno-enum-conversion -Wno-float-conversion -Wno-non-literal-null-conversion -Wno-objc-literal-conversion -Wno-shorten-64-to-32 -Wpointer-sign -Wno-newline-eof -DCMAKE_INTDIR=\"Debug\" -isysroot /Applications/Xcode.app/Contents/Developer/Platforms/MacOSX.platform/Developer/SDKs/MacOSX10.14.sdk -fasm-blocks -fstrict-aliasing -Wdeprecated-declarations -mmacosx-version-min=10.14 -g -Wno-sign-conversion -Wno-infinite-recursion -Wno-comma -Wno-block-capture-autoreleasing -Wno-strict-prototypes -Wno-semicolon-before-method-body -I/Users/vin/Downloads/libgit2-master/build/CMakeFiles/CMakeTmp/Debug/include -I/Users/vin/Downloads/libgit2-master/build/CMakeFiles/CMakeTmp/CMAKE_TRY_COMPILE.build/Debug/cmTC_ff5c1.build/DerivedSources/x86_64 -I/Users/vin/Downloads/libgit2-master/build/CMakeFiles/CMakeTmp/CMAKE_TRY_COMPILE.build/Debug/cmTC_ff5c1.build/DerivedSources -Wmost -Wno-four-char-constants -Wno-unknown-pragmas -F/Users/vin/Downloads/libgit2-master/build/CMakeFiles/CMakeTmp/Debug -v -Wl,-v -MMD -MT dependencies -MF /Users/vin/Downloads/libgit2-master/build/CMakeFiles/CMakeTmp/CMAKE_TRY_COMPILE.build/Debug/cmTC_ff5c1.build/Objects-normal/x86_64/CMakeCCompilerABI.d --serialize-diagnostics /Users/vin/Downloads/libgit2-master/build/CMakeFiles/CMakeTmp/CMAKE_TRY_COMPILE.build/Debug/cmTC_ff5c1.build/Objects-normal/x86_64/CMakeCCompilerABI.dia -c /Applications/CMake.app/Contents/share/cmake-3.14/Modules/CMakeCCompilerABI.c -o /Users/vin/Downloads/libgit2-master/build/CMakeFiles/CMakeTmp/CMAKE_TRY_COMPILE.build/Debug/cmTC_ff5c1.build/Objects-normal/x86_64/CMakeCCompilerABI.o]
  ignore line: [Apple LLVM version 10.0.0 (clang-1000.11.45.5)]
  ignore line: [Target: x86_64-apple-darwin18.2.0]
  ignore line: [Thread model: posix]
  ignore line: [InstalledDir: /Applications/Xcode.app/Contents/Developer/Toolchains/XcodeDefault.xctoolchain/usr/bin]
  ignore line: [clang: warning: -Wl,-v: 'linker' input unused [-Wunused-command-line-argument]]
  ignore line: [ "/Applications/Xcode.app/Contents/Developer/Toolchains/XcodeDefault.xctoolchain/usr/bin/clang" -cc1 -triple x86_64-apple-macosx10.14.0 -Wdeprecated-objc-isa-usage -Werror=deprecated-objc-isa-usage -emit-obj -mrelax-all -disable-free -disable-llvm-verifier -discard-value-names -main-file-name CMakeCCompilerABI.c -mrelocation-model pic -pic-level 2 -mthread-model posix -mdisable-fp-elim -fno-strict-return -masm-verbose -munwind-tables -target-cpu penryn -dwarf-column-info -debug-info-kind=standalone -dwarf-version=4 -debugger-tuning=lldb -target-linker-version 409.12 -v -coverage-notes-file /Users/vin/Downloads/libgit2-master/build/CMakeFiles/CMakeTmp/CMAKE_TRY_COMPILE.build/Debug/cmTC_ff5c1.build/Objects-normal/x86_64/CMakeCCompilerABI.gcno -resource-dir /Applications/Xcode.app/Contents/Developer/Toolchains/XcodeDefault.xctoolchain/usr/lib/clang/10.0.0 -dependency-file /Users/vin/Downloads/libgit2-master/build/CMakeFiles/CMakeTmp/CMAKE_TRY_COMPILE.build/Debug/cmTC_ff5c1.build/Objects-normal/x86_64/CMakeCCompilerABI.d -skip-unused-modulemap-deps -MT dependencies -isysroot /Applications/Xcode.app/Contents/Developer/Platforms/MacOSX.platform/Developer/SDKs/MacOSX10.14.sdk -D "CMAKE_INTDIR=\"Debug\"" -I /Users/vin/Downloads/libgit2-master/build/CMakeFiles/CMakeTmp/Debug/include -I /Users/vin/Downloads/libgit2-master/build/CMakeFiles/CMakeTmp/CMAKE_TRY_COMPILE.build/Debug/cmTC_ff5c1.build/DerivedSources/x86_64 -I /Users/vin/Downloads/libgit2-master/build/CMakeFiles/CMakeTmp/CMAKE_TRY_COMPILE.build/Debug/cmTC_ff5c1.build/DerivedSources -F/Users/vin/Downloads/libgit2-master/build/CMakeFiles/CMakeTmp/Debug -O0 -Wno-trigraphs -Wno-missing-field-initializers -Wno-missing-prototypes -Wno-return-type -Wno-missing-braces -Wparentheses -Wswitch -Wno-unused-function -Wno-unused-label -Wno-unused-parameter -Wno-unused-variable -Wunused-value -Wno-empty-body -Wno-uninitialized -Wno-unknown-pragmas -Wno-shadow -Wno-four-char-constants -Wno-conversion -Wno-constant-conversion -Wno-int-conversion -Wno-bool-conversion -Wno-enum-conversion -Wno-float-conversion -Wno-non-literal-null-conversion -Wno-objc-literal-conversion -Wno-shorten-64-to-32 -Wpointer-sign -Wno-newline-eof -Wdeprecated-declarations -Wno-sign-conversion -Wno-infinite-recursion -Wno-comma -Wno-block-capture-autoreleasing -Wno-strict-prototypes -Wno-semicolon-before-method-body -Wmost -Wno-four-char-constants -Wno-unknown-pragmas -fdebug-compilation-dir /Users/vin/Downloads/libgit2-master/build/CMakeFiles/CMakeTmp -ferror-limit 19 -fmacro-backtrace-limit 0 -fmessage-length 0 -stack-protector 1 -fblocks -fencode-extended-block-signature -fobjc-runtime=macosx-10.14.0 -fpascal-strings -fmax-type-align=16 -fdiagnostics-show-option -fdiagnostics-show-note-include-stack -fasm-blocks -serialize-diagnostic-file /Users/vin/Downloads/libgit2-master/build/CMakeFiles/CMakeTmp/CMAKE_TRY_COMPILE.build/Debug/cmTC_ff5c1.build/Objects-normal/x86_64/CMakeCCompilerABI.dia -o /Users/vin/Downloads/libgit2-master/build/CMakeFiles/CMakeTmp/CMAKE_TRY_COMPILE.build/Debug/cmTC_ff5c1.build/Objects-normal/x86_64/CMakeCCompilerABI.o -x c /Applications/CMake.app/Contents/share/cmake-3.14/Modules/CMakeCCompilerABI.c]
  ignore line: [clang -cc1 version 10.0.0 (clang-1000.11.45.5) default target x86_64-apple-darwin18.2.0]
  ignore line: [ignoring nonexistent directory "/Users/vin/Downloads/libgit2-master/build/CMakeFiles/CMakeTmp/Debug/include"]
  ignore line: [ignoring nonexistent directory "/Users/vin/Downloads/libgit2-master/build/CMakeFiles/CMakeTmp/CMAKE_TRY_COMPILE.build/Debug/cmTC_ff5c1.build/DerivedSources/x86_64"]
  ignore line: [ignoring nonexistent directory "/Users/vin/Downloads/libgit2-master/build/CMakeFiles/CMakeTmp/CMAKE_TRY_COMPILE.build/Debug/cmTC_ff5c1.build/DerivedSources"]
  ignore line: [ignoring nonexistent directory "/Users/vin/Downloads/libgit2-master/build/CMakeFiles/CMakeTmp/Debug"]
  ignore line: [ignoring nonexistent directory "/Applications/Xcode.app/Contents/Developer/Platforms/MacOSX.platform/Developer/SDKs/MacOSX10.14.sdk/usr/local/include"]
  ignore line: [ignoring nonexistent directory "/Applications/Xcode.app/Contents/Developer/Platforms/MacOSX.platform/Developer/SDKs/MacOSX10.14.sdk/Library/Frameworks"]
  ignore line: [#include "..." search starts here:]
  ignore line: [#include <...> search starts here:]
  ignore line: [ /Applications/Xcode.app/Contents/Developer/Toolchains/XcodeDefault.xctoolchain/usr/lib/clang/10.0.0/include]
  ignore line: [ /Applications/Xcode.app/Contents/Developer/Toolchains/XcodeDefault.xctoolchain/usr/include]
  ignore line: [ /Applications/Xcode.app/Contents/Developer/Platforms/MacOSX.platform/Developer/SDKs/MacOSX10.14.sdk/usr/include]
  ignore line: [ /Applications/Xcode.app/Contents/Developer/Platforms/MacOSX.platform/Developer/SDKs/MacOSX10.14.sdk/System/Library/Frameworks (framework directory)]
  ignore line: [End of search list.]
  ignore line: []
  ignore line: [Ld Debug/cmTC_ff5c1 normal x86_64]
  ignore line: [    cd /Users/vin/Downloads/libgit2-master/build/CMakeFiles/CMakeTmp]
  ignore line: [    /Applications/Xcode.app/Contents/Developer/Toolchains/XcodeDefault.xctoolchain/usr/bin/clang -arch x86_64 -isysroot /Applications/Xcode.app/Contents/Developer/Platforms/MacOSX.platform/Developer/SDKs/MacOSX10.14.sdk -L/Users/vin/Downloads/libgit2-master/build/CMakeFiles/CMakeTmp/Debug -F/Users/vin/Downloads/libgit2-master/build/CMakeFiles/CMakeTmp/Debug -filelist /Users/vin/Downloads/libgit2-master/build/CMakeFiles/CMakeTmp/CMAKE_TRY_COMPILE.build/Debug/cmTC_ff5c1.build/Objects-normal/x86_64/cmTC_ff5c1.LinkFileList -mmacosx-version-min=10.14 -Xlinker -object_path_lto -Xlinker /Users/vin/Downloads/libgit2-master/build/CMakeFiles/CMakeTmp/CMAKE_TRY_COMPILE.build/Debug/cmTC_ff5c1.build/Objects-normal/x86_64/cmTC_ff5c1_lto.o -Xlinker -no_deduplicate -v -Wl,-v -Wl,-headerpad_max_install_names -Xlinker -dependency_info -Xlinker /Users/vin/Downloads/libgit2-master/build/CMakeFiles/CMakeTmp/CMAKE_TRY_COMPILE.build/Debug/cmTC_ff5c1.build/Objects-normal/x86_64/cmTC_ff5c1_dependency_info.dat -o /Users/vin/Downloads/libgit2-master/build/CMakeFiles/CMakeTmp/Debug/cmTC_ff5c1]
  ignore line: [Apple LLVM version 10.0.0 (clang-1000.11.45.5)]
  ignore line: [Target: x86_64-apple-darwin18.2.0]
  ignore line: [Thread model: posix]
  ignore line: [InstalledDir: /Applications/Xcode.app/Contents/Developer/Toolchains/XcodeDefault.xctoolchain/usr/bin]
  reduced line: [ "/Applications/Xcode.app/Contents/Developer/Toolchains/XcodeDefault.xctoolchain/usr/bin/ld" -demangle -lto_library /Applications/Xcode.app/Contents/Developer/Toolchains/XcodeDefault.xctoolchain/usr/lib/libLTO.dylib -dynamic -arch x86_64 -macosx_version_min 10.14.0 -syslibroot /Applications/Xcode.app/Contents/Developer/Platforms/MacOSX.platform/Developer/SDKs/MacOSX10.14.sdk -o /Users/vin/Downloads/libgit2-master/build/CMakeFiles/CMakeTmp/Debug/cmTC_ff5c1 -L/Users/vin/Downloads/libgit2-master/build/CMakeFiles/CMakeTmp/Debug -filelist /Users/vin/Downloads/libgit2-master/build/CMakeFiles/CMakeTmp/CMAKE_TRY_COMPILE.build/Debug/cmTC_ff5c1.build/Objects-normal/x86_64/cmTC_ff5c1.LinkFileList -object_path_lto /Users/vin/Downloads/libgit2-master/build/CMakeFiles/CMakeTmp/CMAKE_TRY_COMPILE.build/Debug/cmTC_ff5c1.build/Objects-normal/x86_64/cmTC_ff5c1_lto.o -no_deduplicate -v -headerpad_max_install_names -dependency_info /Users/vin/Downloads/libgit2-master/build/CMakeFiles/CMakeTmp/CMAKE_TRY_COMPILE.build/Debug/cmTC_ff5c1.build/Objects-normal/x86_64/cmTC_ff5c1_dependency_info.dat -lSystem /Applications/Xcode.app/Contents/Developer/Toolchains/XcodeDefault.xctoolchain/usr/lib/clang/10.0.0/lib/darwin/libclang_rt.osx.a -F/Users/vin/Downloads/libgit2-master/build/CMakeFiles/CMakeTmp/Debug]
            to: [ "/Applications/Xcode.app/Contents/Developer/Toolchains/XcodeDefault.xctoolchain/usr/bin/ld" -demangle -lto_library /Applications/Xcode.app/Contents/Developer/Toolchains/XcodeDefault.xctoolchain/usr/lib/libLTO.dylib -dynamic -arch x86_64 -macosx_version_min 10.14.0 -syslibroot /Applications/Xcode.app/Contents/Developer/Platforms/MacOSX.platform/Developer/SDKs/MacOSX10.14.sdk -o /Users/vin/Downloads/libgit2-master/build/CMakeFiles/CMakeTmp/Debug/cmTC_ff5c1 -filelist /Users/vin/Downloads/libgit2-master/build/CMakeFiles/CMakeTmp/CMAKE_TRY_COMPILE.build/Debug/cmTC_ff5c1.build/Objects-normal/x86_64/cmTC_ff5c1.LinkFileList -object_path_lto /Users/vin/Downloads/libgit2-master/build/CMakeFiles/CMakeTmp/CMAKE_TRY_COMPILE.build/Debug/cmTC_ff5c1.build/Objects-normal/x86_64/cmTC_ff5c1_lto.o -no_deduplicate -v -headerpad_max_install_names -dependency_info /Users/vin/Downloads/libgit2-master/build/CMakeFiles/CMakeTmp/CMAKE_TRY_COMPILE.build/Debug/cmTC_ff5c1.build/Objects-normal/x86_64/cmTC_ff5c1_dependency_info.dat -lSystem /Applications/Xcode.app/Contents/Developer/Toolchains/XcodeDefault.xctoolchain/usr/lib/clang/10.0.0/lib/darwin/libclang_rt.osx.a ]
  link line: [ "/Applications/Xcode.app/Contents/Developer/Toolchains/XcodeDefault.xctoolchain/usr/bin/ld" -demangle -lto_library /Applications/Xcode.app/Contents/Developer/Toolchains/XcodeDefault.xctoolchain/usr/lib/libLTO.dylib -dynamic -arch x86_64 -macosx_version_min 10.14.0 -syslibroot /Applications/Xcode.app/Contents/Developer/Platforms/MacOSX.platform/Developer/SDKs/MacOSX10.14.sdk -o /Users/vin/Downloads/libgit2-master/build/CMakeFiles/CMakeTmp/Debug/cmTC_ff5c1 -filelist /Users/vin/Downloads/libgit2-master/build/CMakeFiles/CMakeTmp/CMAKE_TRY_COMPILE.build/Debug/cmTC_ff5c1.build/Objects-normal/x86_64/cmTC_ff5c1.LinkFileList -object_path_lto /Users/vin/Downloads/libgit2-master/build/CMakeFiles/CMakeTmp/CMAKE_TRY_COMPILE.build/Debug/cmTC_ff5c1.build/Objects-normal/x86_64/cmTC_ff5c1_lto.o -no_deduplicate -v -headerpad_max_install_names -dependency_info /Users/vin/Downloads/libgit2-master/build/CMakeFiles/CMakeTmp/CMAKE_TRY_COMPILE.build/Debug/cmTC_ff5c1.build/Objects-normal/x86_64/cmTC_ff5c1_dependency_info.dat -lSystem /Applications/Xcode.app/Contents/Developer/Toolchains/XcodeDefault.xctoolchain/usr/lib/clang/10.0.0/lib/darwin/libclang_rt.osx.a ]
    arg [/Applications/Xcode.app/Contents/Developer/Toolchains/XcodeDefault.xctoolchain/usr/bin/ld] ==> ignore
    arg [-demangle] ==> ignore
    arg [-lto_library] ==> ignore, skip following value
    arg [/Applications/Xcode.app/Contents/Developer/Toolchains/XcodeDefault.xctoolchain/usr/lib/libLTO.dylib] ==> skip value of -lto_library
    arg [-dynamic] ==> ignore
    arg [-arch] ==> ignore
    arg [x86_64] ==> ignore
    arg [-macosx_version_min] ==> ignore
    arg [10.14.0] ==> ignore
    arg [-syslibroot] ==> ignore
    arg [/Applications/Xcode.app/Contents/Developer/Platforms/MacOSX.platform/Developer/SDKs/MacOSX10.14.sdk] ==> ignore
    arg [-o] ==> ignore
    arg [/Users/vin/Downloads/libgit2-master/build/CMakeFiles/CMakeTmp/Debug/cmTC_ff5c1] ==> ignore
    arg [-filelist] ==> ignore
    arg [/Users/vin/Downloads/libgit2-master/build/CMakeFiles/CMakeTmp/CMAKE_TRY_COMPILE.build/Debug/cmTC_ff5c1.build/Objects-normal/x86_64/cmTC_ff5c1.LinkFileList] ==> ignore
    arg [-object_path_lto] ==> ignore
    arg [/Users/vin/Downloads/libgit2-master/build/CMakeFiles/CMakeTmp/CMAKE_TRY_COMPILE.build/Debug/cmTC_ff5c1.build/Objects-normal/x86_64/cmTC_ff5c1_lto.o] ==> ignore
    arg [-no_deduplicate] ==> ignore
    arg [-v] ==> ignore
    arg [-headerpad_max_install_names] ==> ignore
    arg [-dependency_info] ==> ignore
    arg [/Users/vin/Downloads/libgit2-master/build/CMakeFiles/CMakeTmp/CMAKE_TRY_COMPILE.build/Debug/cmTC_ff5c1.build/Objects-normal/x86_64/cmTC_ff5c1_dependency_info.dat] ==> ignore
    arg [-lSystem] ==> lib [System]
    arg [/Applications/Xcode.app/Contents/Developer/Toolchains/XcodeDefault.xctoolchain/usr/lib/clang/10.0.0/lib/darwin/libclang_rt.osx.a] ==> lib [/Applications/Xcode.app/Contents/Developer/Toolchains/XcodeDefault.xctoolchain/usr/lib/clang/10.0.0/lib/darwin/libclang_rt.osx.a]
  Library search paths: [;/Users/vin/Downloads/libgit2-master/build/CMakeFiles/CMakeTmp/Debug;/Applications/Xcode.app/Contents/Developer/Platforms/MacOSX.platform/Developer/SDKs/MacOSX10.14.sdk/usr/lib]
  Framework search paths: [;/Users/vin/Downloads/libgit2-master/build/CMakeFiles/CMakeTmp/Debug;/Applications/Xcode.app/Contents/Developer/Platforms/MacOSX.platform/Developer/SDKs/MacOSX10.14.sdk/System/Library/Frameworks/]
  remove lib [System]
  remove lib [/Applications/Xcode.app/Contents/Developer/Toolchains/XcodeDefault.xctoolchain/usr/lib/clang/10.0.0/lib/darwin/libclang_rt.osx.a]
  collapse library dir [/Users/vin/Downloads/libgit2-master/build/CMakeFiles/CMakeTmp/Debug] ==> [/Users/vin/Downloads/libgit2-master/build/CMakeFiles/CMakeTmp/Debug], skipping non-system directory
  collapse library dir [/Applications/Xcode.app/Contents/Developer/Platforms/MacOSX.platform/Developer/SDKs/MacOSX10.14.sdk/usr/lib] ==> [/Applications/Xcode.app/Contents/Developer/Platforms/MacOSX.platform/Developer/SDKs/MacOSX10.14.sdk/usr/lib]
  collapse framework dir [/Users/vin/Downloads/libgit2-master/build/CMakeFiles/CMakeTmp/Debug] ==> [/Users/vin/Downloads/libgit2-master/build/CMakeFiles/CMakeTmp/Debug], skipping non-system directory
  collapse framework dir [/Applications/Xcode.app/Contents/Developer/Platforms/MacOSX.platform/Developer/SDKs/MacOSX10.14.sdk/System/Library/Frameworks/] ==> [/Applications/Xcode.app/Contents/Developer/Platforms/MacOSX.platform/Developer/SDKs/MacOSX10.14.sdk/System/Library/Frameworks]
  implicit libs: []
  implicit dirs: [/Applications/Xcode.app/Contents/Developer/Platforms/MacOSX.platform/Developer/SDKs/MacOSX10.14.sdk/usr/lib]
  implicit fwks: [/Applications/Xcode.app/Contents/Developer/Platforms/MacOSX.platform/Developer/SDKs/MacOSX10.14.sdk/System/Library/Frameworks]




Detecting C [-std=c11] compiler features compiled with the following output:
Change Dir: /Users/vin/Downloads/libgit2-master/build/CMakeFiles/CMakeTmp

Run Build Command(s):/usr/bin/xcodebuild -project CMAKE_TRY_COMPILE.xcodeproj build -target cmTC_66940 -configuration Debug -hideShellScriptEnvironment 
User defaults from command line:
    HideShellScriptEnvironment = YES

Prepare build
note: Using legacy build system

=== BUILD TARGET cmTC_66940 OF PROJECT CMAKE_TRY_COMPILE WITH CONFIGURATION Debug ===

Check dependencies

Write auxiliary files
/bin/mkdir -p /Users/vin/Downloads/libgit2-master/build/CMakeFiles/CMakeTmp/CMAKE_TRY_COMPILE.build/Debug/cmTC_66940.build/Objects-normal/x86_64
write-file /Users/vin/Downloads/libgit2-master/build/CMakeFiles/CMakeTmp/CMAKE_TRY_COMPILE.build/Debug/cmTC_66940.build/Objects-normal/x86_64/cmTC_66940.LinkFileList

CompileC CMAKE_TRY_COMPILE.build/Debug/cmTC_66940.build/Objects-normal/x86_64/feature_tests.o /Users/vin/Downloads/libgit2-master/build/CMakeFiles/feature_tests.c normal x86_64 c com.apple.compilers.llvm.clang.1_0.compiler
    cd /Users/vin/Downloads/libgit2-master/build/CMakeFiles/CMakeTmp
    /Applications/Xcode.app/Contents/Developer/Toolchains/XcodeDefault.xctoolchain/usr/bin/clang -x c -arch x86_64 -fmessage-length=0 -fdiagnostics-show-note-include-stack -fmacro-backtrace-limit=0 -Wno-trigraphs -fpascal-strings -O0 -Wno-missing-field-initializers -Wno-missing-prototypes -Wno-return-type -Wno-missing-braces -Wparentheses -Wswitch -Wno-unused-function -Wno-unused-label -Wno-unused-parameter -Wno-unused-variable -Wunused-value -Wno-empty-body -Wno-uninitialized -Wno-unknown-pragmas -Wno-shadow -Wno-four-char-constants -Wno-conversion -Wno-constant-conversion -Wno-int-conversion -Wno-bool-conversion -Wno-enum-conversion -Wno-float-conversion -Wno-non-literal-null-conversion -Wno-objc-literal-conversion -Wno-shorten-64-to-32 -Wpointer-sign -Wno-newline-eof -DCMAKE_INTDIR=\"Debug\" -isysroot /Applications/Xcode.app/Contents/Developer/Platforms/MacOSX.platform/Developer/SDKs/MacOSX10.14.sdk -fasm-blocks -fstrict-aliasing -Wdeprecated-declarations -mmacosx-version-min=10.14 -g -Wno-sign-conversion -Wno-infinite-recursion -Wno-comma -Wno-block-capture-autoreleasing -Wno-strict-prototypes -Wno-semicolon-before-method-body -I/Users/vin/Downloads/libgit2-master/build/CMakeFiles/CMakeTmp/Debug/include -I/Users/vin/Downloads/libgit2-master/build/CMakeFiles/CMakeTmp/CMAKE_TRY_COMPILE.build/Debug/cmTC_66940.build/DerivedSources/x86_64 -I/Users/vin/Downloads/libgit2-master/build/CMakeFiles/CMakeTmp/CMAKE_TRY_COMPILE.build/Debug/cmTC_66940.build/DerivedSources -Wmost -Wno-four-char-constants -Wno-unknown-pragmas -F/Users/vin/Downloads/libgit2-master/build/CMakeFiles/CMakeTmp/Debug -std=c11 -MMD -MT dependencies -MF /Users/vin/Downloads/libgit2-master/build/CMakeFiles/CMakeTmp/CMAKE_TRY_COMPILE.build/Debug/cmTC_66940.build/Objects-normal/x86_64/feature_tests.d --serialize-diagnostics /Users/vin/Downloads/libgit2-master/build/CMakeFiles/CMakeTmp/CMAKE_TRY_COMPILE.build/Debug/cmTC_66940.build/Objects-normal/x86_64/feature_tests.dia -c /Users/vin/Downloads/libgit2-master/build/CMakeFiles/feature_tests.c -o /Users/vin/Downloads/libgit2-master/build/CMakeFiles/CMakeTmp/CMAKE_TRY_COMPILE.build/Debug/cmTC_66940.build/Objects-normal/x86_64/feature_tests.o

Ld Debug/cmTC_66940 normal x86_64
    cd /Users/vin/Downloads/libgit2-master/build/CMakeFiles/CMakeTmp
    /Applications/Xcode.app/Contents/Developer/Toolchains/XcodeDefault.xctoolchain/usr/bin/clang -arch x86_64 -isysroot /Applications/Xcode.app/Contents/Developer/Platforms/MacOSX.platform/Developer/SDKs/MacOSX10.14.sdk -L/Users/vin/Downloads/libgit2-master/build/CMakeFiles/CMakeTmp/Debug -F/Users/vin/Downloads/libgit2-master/build/CMakeFiles/CMakeTmp/Debug -filelist /Users/vin/Downloads/libgit2-master/build/CMakeFiles/CMakeTmp/CMAKE_TRY_COMPILE.build/Debug/cmTC_66940.build/Objects-normal/x86_64/cmTC_66940.LinkFileList -mmacosx-version-min=10.14 -Xlinker -object_path_lto -Xlinker /Users/vin/Downloads/libgit2-master/build/CMakeFiles/CMakeTmp/CMAKE_TRY_COMPILE.build/Debug/cmTC_66940.build/Objects-normal/x86_64/cmTC_66940_lto.o -Xlinker -no_deduplicate -Wl,-headerpad_max_install_names -Xlinker -dependency_info -Xlinker /Users/vin/Downloads/libgit2-master/build/CMakeFiles/CMakeTmp/CMAKE_TRY_COMPILE.build/Debug/cmTC_66940.build/Objects-normal/x86_64/cmTC_66940_dependency_info.dat -o /Users/vin/Downloads/libgit2-master/build/CMakeFiles/CMakeTmp/Debug/cmTC_66940

** BUILD SUCCEEDED ** [0.139 sec]



    Feature record: C_FEATURE:1c_function_prototypes
    Feature record: C_FEATURE:1c_restrict
    Feature record: C_FEATURE:1c_static_assert
    Feature record: C_FEATURE:1c_variadic_macros


Detecting C [-std=c99] compiler features compiled with the following output:
Change Dir: /Users/vin/Downloads/libgit2-master/build/CMakeFiles/CMakeTmp

Run Build Command(s):/usr/bin/xcodebuild -project CMAKE_TRY_COMPILE.xcodeproj build -target cmTC_e3d53 -configuration Debug -hideShellScriptEnvironment 
User defaults from command line:
    HideShellScriptEnvironment = YES

Prepare build
note: Using legacy build system

=== BUILD TARGET cmTC_e3d53 OF PROJECT CMAKE_TRY_COMPILE WITH CONFIGURATION Debug ===

Check dependencies

Write auxiliary files
/bin/mkdir -p /Users/vin/Downloads/libgit2-master/build/CMakeFiles/CMakeTmp/CMAKE_TRY_COMPILE.build/Debug/cmTC_e3d53.build/Objects-normal/x86_64
write-file /Users/vin/Downloads/libgit2-master/build/CMakeFiles/CMakeTmp/CMAKE_TRY_COMPILE.build/Debug/cmTC_e3d53.build/Objects-normal/x86_64/cmTC_e3d53.LinkFileList

CompileC CMAKE_TRY_COMPILE.build/Debug/cmTC_e3d53.build/Objects-normal/x86_64/feature_tests.o /Users/vin/Downloads/libgit2-master/build/CMakeFiles/feature_tests.c normal x86_64 c com.apple.compilers.llvm.clang.1_0.compiler
    cd /Users/vin/Downloads/libgit2-master/build/CMakeFiles/CMakeTmp
    /Applications/Xcode.app/Contents/Developer/Toolchains/XcodeDefault.xctoolchain/usr/bin/clang -x c -arch x86_64 -fmessage-length=0 -fdiagnostics-show-note-include-stack -fmacro-backtrace-limit=0 -Wno-trigraphs -fpascal-strings -O0 -Wno-missing-field-initializers -Wno-missing-prototypes -Wno-return-type -Wno-missing-braces -Wparentheses -Wswitch -Wno-unused-function -Wno-unused-label -Wno-unused-parameter -Wno-unused-variable -Wunused-value -Wno-empty-body -Wno-uninitialized -Wno-unknown-pragmas -Wno-shadow -Wno-four-char-constants -Wno-conversion -Wno-constant-conversion -Wno-int-conversion -Wno-bool-conversion -Wno-enum-conversion -Wno-float-conversion -Wno-non-literal-null-conversion -Wno-objc-literal-conversion -Wno-shorten-64-to-32 -Wpointer-sign -Wno-newline-eof -DCMAKE_INTDIR=\"Debug\" -isysroot /Applications/Xcode.app/Contents/Developer/Platforms/MacOSX.platform/Developer/SDKs/MacOSX10.14.sdk -fasm-blocks -fstrict-aliasing -Wdeprecated-declarations -mmacosx-version-min=10.14 -g -Wno-sign-conversion -Wno-infinite-recursion -Wno-comma -Wno-block-capture-autoreleasing -Wno-strict-prototypes -Wno-semicolon-before-method-body -I/Users/vin/Downloads/libgit2-master/build/CMakeFiles/CMakeTmp/Debug/include -I/Users/vin/Downloads/libgit2-master/build/CMakeFiles/CMakeTmp/CMAKE_TRY_COMPILE.build/Debug/cmTC_e3d53.build/DerivedSources/x86_64 -I/Users/vin/Downloads/libgit2-master/build/CMakeFiles/CMakeTmp/CMAKE_TRY_COMPILE.build/Debug/cmTC_e3d53.build/DerivedSources -Wmost -Wno-four-char-constants -Wno-unknown-pragmas -F/Users/vin/Downloads/libgit2-master/build/CMakeFiles/CMakeTmp/Debug -std=c99 -MMD -MT dependencies -MF /Users/vin/Downloads/libgit2-master/build/CMakeFiles/CMakeTmp/CMAKE_TRY_COMPILE.build/Debug/cmTC_e3d53.build/Objects-normal/x86_64/feature_tests.d --serialize-diagnostics /Users/vin/Downloads/libgit2-master/build/CMakeFiles/CMakeTmp/CMAKE_TRY_COMPILE.build/Debug/cmTC_e3d53.build/Objects-normal/x86_64/feature_tests.dia -c /Users/vin/Downloads/libgit2-master/build/CMakeFiles/feature_tests.c -o /Users/vin/Downloads/libgit2-master/build/CMakeFiles/CMakeTmp/CMAKE_TRY_COMPILE.build/Debug/cmTC_e3d53.build/Objects-normal/x86_64/feature_tests.o

Ld Debug/cmTC_e3d53 normal x86_64
    cd /Users/vin/Downloads/libgit2-master/build/CMakeFiles/CMakeTmp
    /Applications/Xcode.app/Contents/Developer/Toolchains/XcodeDefault.xctoolchain/usr/bin/clang -arch x86_64 -isysroot /Applications/Xcode.app/Contents/Developer/Platforms/MacOSX.platform/Developer/SDKs/MacOSX10.14.sdk -L/Users/vin/Downloads/libgit2-master/build/CMakeFiles/CMakeTmp/Debug -F/Users/vin/Downloads/libgit2-master/build/CMakeFiles/CMakeTmp/Debug -filelist /Users/vin/Downloads/libgit2-master/build/CMakeFiles/CMakeTmp/CMAKE_TRY_COMPILE.build/Debug/cmTC_e3d53.build/Objects-normal/x86_64/cmTC_e3d53.LinkFileList -mmacosx-version-min=10.14 -Xlinker -object_path_lto -Xlinker /Users/vin/Downloads/libgit2-master/build/CMakeFiles/CMakeTmp/CMAKE_TRY_COMPILE.build/Debug/cmTC_e3d53.build/Objects-normal/x86_64/cmTC_e3d53_lto.o -Xlinker -no_deduplicate -Wl,-headerpad_max_install_names -Xlinker -dependency_info -Xlinker /Users/vin/Downloads/libgit2-master/build/CMakeFiles/CMakeTmp/CMAKE_TRY_COMPILE.build/Debug/cmTC_e3d53.build/Objects-normal/x86_64/cmTC_e3d53_dependency_info.dat -o /Users/vin/Downloads/libgit2-master/build/CMakeFiles/CMakeTmp/Debug/cmTC_e3d53

** BUILD SUCCEEDED ** [0.139 sec]



    Feature record: C_FEATURE:1c_function_prototypes
    Feature record: C_FEATURE:1c_restrict
    Feature record: C_FEATURE:0c_static_assert
    Feature record: C_FEATURE:1c_variadic_macros


Detecting C [-std=c90] compiler features compiled with the following output:
Change Dir: /Users/vin/Downloads/libgit2-master/build/CMakeFiles/CMakeTmp

Run Build Command(s):/usr/bin/xcodebuild -project CMAKE_TRY_COMPILE.xcodeproj build -target cmTC_a183b -configuration Debug -hideShellScriptEnvironment 
User defaults from command line:
    HideShellScriptEnvironment = YES

Prepare build
note: Using legacy build system

=== BUILD TARGET cmTC_a183b OF PROJECT CMAKE_TRY_COMPILE WITH CONFIGURATION Debug ===

Check dependencies

Write auxiliary files
/bin/mkdir -p /Users/vin/Downloads/libgit2-master/build/CMakeFiles/CMakeTmp/CMAKE_TRY_COMPILE.build/Debug/cmTC_a183b.build/Objects-normal/x86_64
write-file /Users/vin/Downloads/libgit2-master/build/CMakeFiles/CMakeTmp/CMAKE_TRY_COMPILE.build/Debug/cmTC_a183b.build/Objects-normal/x86_64/cmTC_a183b.LinkFileList

CompileC CMAKE_TRY_COMPILE.build/Debug/cmTC_a183b.build/Objects-normal/x86_64/feature_tests.o /Users/vin/Downloads/libgit2-master/build/CMakeFiles/feature_tests.c normal x86_64 c com.apple.compilers.llvm.clang.1_0.compiler
    cd /Users/vin/Downloads/libgit2-master/build/CMakeFiles/CMakeTmp
    /Applications/Xcode.app/Contents/Developer/Toolchains/XcodeDefault.xctoolchain/usr/bin/clang -x c -arch x86_64 -fmessage-length=0 -fdiagnostics-show-note-include-stack -fmacro-backtrace-limit=0 -Wno-trigraphs -fpascal-strings -O0 -Wno-missing-field-initializers -Wno-missing-prototypes -Wno-return-type -Wno-missing-braces -Wparentheses -Wswitch -Wno-unused-function -Wno-unused-label -Wno-unused-parameter -Wno-unused-variable -Wunused-value -Wno-empty-body -Wno-uninitialized -Wno-unknown-pragmas -Wno-shadow -Wno-four-char-constants -Wno-conversion -Wno-constant-conversion -Wno-int-conversion -Wno-bool-conversion -Wno-enum-conversion -Wno-float-conversion -Wno-non-literal-null-conversion -Wno-objc-literal-conversion -Wno-shorten-64-to-32 -Wpointer-sign -Wno-newline-eof -DCMAKE_INTDIR=\"Debug\" -isysroot /Applications/Xcode.app/Contents/Developer/Platforms/MacOSX.platform/Developer/SDKs/MacOSX10.14.sdk -fasm-blocks -fstrict-aliasing -Wdeprecated-declarations -mmacosx-version-min=10.14 -g -Wno-sign-conversion -Wno-infinite-recursion -Wno-comma -Wno-block-capture-autoreleasing -Wno-strict-prototypes -Wno-semicolon-before-method-body -I/Users/vin/Downloads/libgit2-master/build/CMakeFiles/CMakeTmp/Debug/include -I/Users/vin/Downloads/libgit2-master/build/CMakeFiles/CMakeTmp/CMAKE_TRY_COMPILE.build/Debug/cmTC_a183b.build/DerivedSources/x86_64 -I/Users/vin/Downloads/libgit2-master/build/CMakeFiles/CMakeTmp/CMAKE_TRY_COMPILE.build/Debug/cmTC_a183b.build/DerivedSources -Wmost -Wno-four-char-constants -Wno-unknown-pragmas -F/Users/vin/Downloads/libgit2-master/build/CMakeFiles/CMakeTmp/Debug -std=c90 -MMD -MT dependencies -MF /Users/vin/Downloads/libgit2-master/build/CMakeFiles/CMakeTmp/CMAKE_TRY_COMPILE.build/Debug/cmTC_a183b.build/Objects-normal/x86_64/feature_tests.d --serialize-diagnostics /Users/vin/Downloads/libgit2-master/build/CMakeFiles/CMakeTmp/CMAKE_TRY_COMPILE.build/Debug/cmTC_a183b.build/Objects-normal/x86_64/feature_tests.dia -c /Users/vin/Downloads/libgit2-master/build/CMakeFiles/feature_tests.c -o /Users/vin/Downloads/libgit2-master/build/CMakeFiles/CMakeTmp/CMAKE_TRY_COMPILE.build/Debug/cmTC_a183b.build/Objects-normal/x86_64/feature_tests.o

Ld Debug/cmTC_a183b normal x86_64
    cd /Users/vin/Downloads/libgit2-master/build/CMakeFiles/CMakeTmp
    /Applications/Xcode.app/Contents/Developer/Toolchains/XcodeDefault.xctoolchain/usr/bin/clang -arch x86_64 -isysroot /Applications/Xcode.app/Contents/Developer/Platforms/MacOSX.platform/Developer/SDKs/MacOSX10.14.sdk -L/Users/vin/Downloads/libgit2-master/build/CMakeFiles/CMakeTmp/Debug -F/Users/vin/Downloads/libgit2-master/build/CMakeFiles/CMakeTmp/Debug -filelist /Users/vin/Downloads/libgit2-master/build/CMakeFiles/CMakeTmp/CMAKE_TRY_COMPILE.build/Debug/cmTC_a183b.build/Objects-normal/x86_64/cmTC_a183b.LinkFileList -mmacosx-version-min=10.14 -Xlinker -object_path_lto -Xlinker /Users/vin/Downloads/libgit2-master/build/CMakeFiles/CMakeTmp/CMAKE_TRY_COMPILE.build/Debug/cmTC_a183b.build/Objects-normal/x86_64/cmTC_a183b_lto.o -Xlinker -no_deduplicate -Wl,-headerpad_max_install_names -Xlinker -dependency_info -Xlinker /Users/vin/Downloads/libgit2-master/build/CMakeFiles/CMakeTmp/CMAKE_TRY_COMPILE.build/Debug/cmTC_a183b.build/Objects-normal/x86_64/cmTC_a183b_dependency_info.dat -o /Users/vin/Downloads/libgit2-master/build/CMakeFiles/CMakeTmp/Debug/cmTC_a183b

** BUILD SUCCEEDED ** [0.139 sec]



    Feature record: C_FEATURE:1c_function_prototypes
    Feature record: C_FEATURE:0c_restrict
    Feature record: C_FEATURE:0c_static_assert
    Feature record: C_FEATURE:0c_variadic_macros
Determining if the prototype qsort_r exists for HAVE_QSORT_R_BSD passed with the following output:
Change Dir: /Users/vin/Downloads/libgit2-master/build/CMakeFiles/CMakeTmp

Run Build Command(s):/usr/bin/xcodebuild -project CMAKE_TRY_COMPILE.xcodeproj build -target cmTC_ede6e -configuration Debug -hideShellScriptEnvironment 
User defaults from command line:
    HideShellScriptEnvironment = YES

Prepare build
note: Using legacy build system

=== BUILD TARGET cmTC_ede6e OF PROJECT CMAKE_TRY_COMPILE WITH CONFIGURATION Debug ===

Check dependencies

Write auxiliary files
/bin/mkdir -p /Users/vin/Downloads/libgit2-master/build/CMakeFiles/CMakeTmp/CMAKE_TRY_COMPILE.build/Debug/cmTC_ede6e.build/Objects-normal/x86_64
write-file /Users/vin/Downloads/libgit2-master/build/CMakeFiles/CMakeTmp/CMAKE_TRY_COMPILE.build/Debug/cmTC_ede6e.build/Objects-normal/x86_64/cmTC_ede6e.LinkFileList

CompileC CMAKE_TRY_COMPILE.build/Debug/cmTC_ede6e.build/Objects-normal/x86_64/CheckPrototypeDefinition.o CheckPrototypeDefinition.c normal x86_64 c com.apple.compilers.llvm.clang.1_0.compiler
    cd /Users/vin/Downloads/libgit2-master/build/CMakeFiles/CMakeTmp
    /Applications/Xcode.app/Contents/Developer/Toolchains/XcodeDefault.xctoolchain/usr/bin/clang -x c -arch x86_64 -fmessage-length=0 -fdiagnostics-show-note-include-stack -fmacro-backtrace-limit=0 -Wno-trigraphs -fpascal-strings -O0 -Wno-missing-field-initializers -Wno-missing-prototypes -Wno-return-type -Wno-missing-braces -Wparentheses -Wswitch -Wno-unused-function -Wno-unused-label -Wno-unused-parameter -Wno-unused-variable -Wunused-value -Wno-empty-body -Wno-uninitialized -Wno-unknown-pragmas -Wno-shadow -Wno-four-char-constants -Wno-conversion -Wno-constant-conversion -Wno-int-conversion -Wno-bool-conversion -Wno-enum-conversion -Wno-float-conversion -Wno-non-literal-null-conversion -Wno-objc-literal-conversion -Wno-shorten-64-to-32 -Wpointer-sign -Wno-newline-eof -DCMAKE_INTDIR=\"Debug\" -isysroot /Applications/Xcode.app/Contents/Developer/Platforms/MacOSX.platform/Developer/SDKs/MacOSX10.14.sdk -fasm-blocks -fstrict-aliasing -Wdeprecated-declarations -mmacosx-version-min=10.14 -g -Wno-sign-conversion -Wno-infinite-recursion -Wno-comma -Wno-block-capture-autoreleasing -Wno-strict-prototypes -Wno-semicolon-before-method-body -I/Users/vin/Downloads/libgit2-master/build/CMakeFiles/CMakeTmp/Debug/include -I/Users/vin/Downloads/libgit2-master/build/CMakeFiles/CMakeTmp/CMAKE_TRY_COMPILE.build/Debug/cmTC_ede6e.build/DerivedSources/x86_64 -I/Users/vin/Downloads/libgit2-master/build/CMakeFiles/CMakeTmp/CMAKE_TRY_COMPILE.build/Debug/cmTC_ede6e.build/DerivedSources -Wmost -Wno-four-char-constants -Wno-unknown-pragmas -F/Users/vin/Downloads/libgit2-master/build/CMakeFiles/CMakeTmp/Debug -D_GNU_SOURCE -Wall -Wextra -Wdocumentation -Wno-missing-field-initializers -Wstrict-aliasing -Wstrict-prototypes -Wdeclaration-after-statement -Wshift-count-overflow -Wunused-const-variable -Wunused-function -Wformat -Wformat-security -Wint-conversion -Wno-documentation-deprecated-sync -MMD -MT dependencies -MF /Users/vin/Downloads/libgit2-master/build/CMakeFiles/CMakeTmp/CMAKE_TRY_COMPILE.build/Debug/cmTC_ede6e.build/Objects-normal/x86_64/CheckPrototypeDefinition.d --serialize-diagnostics /Users/vin/Downloads/libgit2-master/build/CMakeFiles/CMakeTmp/CMAKE_TRY_COMPILE.build/Debug/cmTC_ede6e.build/Objects-normal/x86_64/CheckPrototypeDefinition.dia -c /Users/vin/Downloads/libgit2-master/build/CMakeFiles/CMakeTmp/CheckPrototypeDefinition.c -o /Users/vin/Downloads/libgit2-master/build/CMakeFiles/CMakeTmp/CMAKE_TRY_COMPILE.build/Debug/cmTC_ede6e.build/Objects-normal/x86_64/CheckPrototypeDefinition.o
/Users/vin/Downloads/libgit2-master/build/CMakeFiles/CMakeTmp/CheckPrototypeDefinition.c:14:20: warning: unused parameter 'base' [-Wunused-parameter]
void qsort_r(void *base, size_t nmemb, size_t size, void *thunk, int (*compar)(void *, const void *, const void *)) {
                   ^
/Users/vin/Downloads/libgit2-master/build/CMakeFiles/CMakeTmp/CheckPrototypeDefinition.c:14:33: warning: unused parameter 'nmemb' [-Wunused-parameter]
void qsort_r(void *base, size_t nmemb, size_t size, void *thunk, int (*compar)(void *, const void *, const void *)) {
                                ^
/Users/vin/Downloads/libgit2-master/build/CMakeFiles/CMakeTmp/CheckPrototypeDefinition.c:14:47: warning: unused parameter 'size' [-Wunused-parameter]
void qsort_r(void *base, size_t nmemb, size_t size, void *thunk, int (*compar)(void *, const void *, const void *)) {
                                              ^
/Users/vin/Downloads/libgit2-master/build/CMakeFiles/CMakeTmp/CheckPrototypeDefinition.c:14:59: warning: unused parameter 'thunk' [-Wunused-parameter]
void qsort_r(void *base, size_t nmemb, size_t size, void *thunk, int (*compar)(void *, const void *, const void *)) {
                                                          ^
/Users/vin/Downloads/libgit2-master/build/CMakeFiles/CMakeTmp/CheckPrototypeDefinition.c:14:72: warning: unused parameter 'compar' [-Wunused-parameter]
void qsort_r(void *base, size_t nmemb, size_t size, void *thunk, int (*compar)(void *, const void *, const void *)) {
                                                                       ^
5 warnings generated.

Ld Debug/cmTC_ede6e normal x86_64
    cd /Users/vin/Downloads/libgit2-master/build/CMakeFiles/CMakeTmp
    /Applications/Xcode.app/Contents/Developer/Toolchains/XcodeDefault.xctoolchain/usr/bin/clang -arch x86_64 -isysroot /Applications/Xcode.app/Contents/Developer/Platforms/MacOSX.platform/Developer/SDKs/MacOSX10.14.sdk -L/Users/vin/Downloads/libgit2-master/build/CMakeFiles/CMakeTmp/Debug -F/Users/vin/Downloads/libgit2-master/build/CMakeFiles/CMakeTmp/Debug -filelist /Users/vin/Downloads/libgit2-master/build/CMakeFiles/CMakeTmp/CMAKE_TRY_COMPILE.build/Debug/cmTC_ede6e.build/Objects-normal/x86_64/cmTC_ede6e.LinkFileList -mmacosx-version-min=10.14 -Xlinker -object_path_lto -Xlinker /Users/vin/Downloads/libgit2-master/build/CMakeFiles/CMakeTmp/CMAKE_TRY_COMPILE.build/Debug/cmTC_ede6e.build/Objects-normal/x86_64/cmTC_ede6e_lto.o -Xlinker -no_deduplicate -Wl,-headerpad_max_install_names -Xlinker -dependency_info -Xlinker /Users/vin/Downloads/libgit2-master/build/CMakeFiles/CMakeTmp/CMAKE_TRY_COMPILE.build/Debug/cmTC_ede6e.build/Objects-normal/x86_64/cmTC_ede6e_dependency_info.dat -o /Users/vin/Downloads/libgit2-master/build/CMakeFiles/CMakeTmp/Debug/cmTC_ede6e

** BUILD SUCCEEDED ** [0.179 sec]



